[debug] [2022-12-17T07:59:19.419Z] ----------------------------------------------------------------------
[debug] [2022-12-17T07:59:19.424Z] Command:       /usr/bin/node /usr/local/bin/firebase init
[debug] [2022-12-17T07:59:19.425Z] CLI Version:   11.18.0
[debug] [2022-12-17T07:59:19.425Z] Platform:      linux
[debug] [2022-12-17T07:59:19.425Z] Node Version:  v16.14.0
[debug] [2022-12-17T07:59:19.426Z] Time:          Sat Dec 17 2022 13:29:19 GMT+0530 (India Standard Time)
[debug] [2022-12-17T07:59:19.427Z] ----------------------------------------------------------------------
[debug] 
[debug] [2022-12-17T07:59:19.440Z] > command requires scopes: ["email","openid","https://www.googleapis.com/auth/cloudplatformprojects.readonly","https://www.googleapis.com/auth/firebase","https://www.googleapis.com/auth/cloud-platform"]
[debug] [2022-12-17T07:59:19.441Z] > authorizing via signed-in user (abhinay07092002@gmail.com)
[info] 
     ######## #### ########  ######## ########     ###     ######  ########
     ##        ##  ##     ## ##       ##     ##  ##   ##  ##       ##
     ######    ##  ########  ######   ########  #########  ######  ######
     ##        ##  ##    ##  ##       ##     ## ##     ##       ## ##
     ##       #### ##     ## ######## ########  ##     ##  ######  ########

You're about to initialize a Firebase project in this directory:

  /home/abhinaykumar/movies

[info] 
=== Project Setup
[info] 
[info] First, let's associate this project directory with a Firebase project.
[info] You can create multiple project aliases by running firebase use --add, 
[info] but for now we'll just set up a default project.
[info] 
[info] i  If you want to create a project in a Google Cloud organization or folder, please use "firebase projects:create" instead, and return to this command when you've created the project. 
[debug] [2022-12-17T08:00:00.421Z] >>> [apiv2][query] POST https://cloudresourcemanager.googleapis.com/v1/projects [none]
[debug] [2022-12-17T08:00:00.422Z] >>> [apiv2][body] POST https://cloudresourcemanager.googleapis.com/v1/projects {"projectId":"maiabhinaymeranaamabhi7","name":"moviesystem"}
[debug] [2022-12-17T08:00:02.676Z] <<< [apiv2][status] POST https://cloudresourcemanager.googleapis.com/v1/projects 200
[debug] [2022-12-17T08:00:02.676Z] <<< [apiv2][body] POST https://cloudresourcemanager.googleapis.com/v1/projects {"name":"operations/cp.8371638113669738034"}
[debug] [2022-12-17T08:00:02.678Z] >>> [apiv2][query] GET https://cloudresourcemanager.googleapis.com/v1/operations/cp.8371638113669738034 [none]
[debug] [2022-12-17T08:00:05.529Z] <<< [apiv2][status] GET https://cloudresourcemanager.googleapis.com/v1/operations/cp.8371638113669738034 200
[debug] [2022-12-17T08:00:05.530Z] <<< [apiv2][body] GET https://cloudresourcemanager.googleapis.com/v1/operations/cp.8371638113669738034 {"name":"operations/cp.8371638113669738034","metadata":{"@type":"type.googleapis.com/google.cloudresourcemanager.v1.ProjectCreationStatus","gettable":true}}
[debug] [2022-12-17T08:00:06.032Z] [Project Creation Poller] Retrying task index 0
[debug] [2022-12-17T08:00:06.034Z] >>> [apiv2][query] GET https://cloudresourcemanager.googleapis.com/v1/operations/cp.8371638113669738034 [none]
[debug] [2022-12-17T08:00:07.955Z] <<< [apiv2][status] GET https://cloudresourcemanager.googleapis.com/v1/operations/cp.8371638113669738034 200
[debug] [2022-12-17T08:00:07.956Z] <<< [apiv2][body] GET https://cloudresourcemanager.googleapis.com/v1/operations/cp.8371638113669738034 {"name":"operations/cp.8371638113669738034","metadata":{"@type":"type.googleapis.com/google.cloudresourcemanager.v1.ProjectCreationStatus","gettable":true,"ready":true},"done":true,"response":{"@type":"type.googleapis.com/google.cloudresourcemanager.v1.Project","projectNumber":"256882823170","projectId":"maiabhinaymeranaamabhi7","lifecycleState":"ACTIVE","name":"moviesystem","createTime":"2022-12-17T08:00:01.982Z"}}
[debug] [2022-12-17T08:00:07.959Z] >>> [apiv2][query] POST https://firebase.googleapis.com/v1beta1/projects/maiabhinaymeranaamabhi7:addFirebase [none]
[debug] [2022-12-17T08:00:09.010Z] <<< [apiv2][status] POST https://firebase.googleapis.com/v1beta1/projects/maiabhinaymeranaamabhi7:addFirebase 403
[debug] [2022-12-17T08:00:09.012Z] <<< [apiv2][body] POST https://firebase.googleapis.com/v1beta1/projects/maiabhinaymeranaamabhi7:addFirebase {"error":{"code":403,"message":"The caller does not have permission","status":"PERMISSION_DENIED"}}
[debug] [2022-12-17T08:00:09.016Z] HTTP Error: 403, The caller does not have permission
[debug] [2022-12-17T08:00:09.222Z] FirebaseError: HTTP Error: 403, The caller does not have permission
    at responseToError (/usr/local/lib/node_modules/firebase-tools/lib/responseToError.js:49:12)
    at RetryOperation._fn (/usr/local/lib/node_modules/firebase-tools/lib/apiv2.js:288:77)
    at processTicksAndRejections (node:internal/process/task_queues:96:5)
[error] 
[error] Error: Failed to add Firebase to Google Cloud Platform project. See firebase-debug.log for more info.
[debug] [2022-12-17T08:00:15.586Z] ----------------------------------------------------------------------
[debug] [2022-12-17T08:00:15.591Z] Command:       /usr/bin/node /usr/local/bin/firebase init
[debug] [2022-12-17T08:00:15.593Z] CLI Version:   11.18.0
[debug] [2022-12-17T08:00:15.593Z] Platform:      linux
[debug] [2022-12-17T08:00:15.593Z] Node Version:  v16.14.0
[debug] [2022-12-17T08:00:15.594Z] Time:          Sat Dec 17 2022 13:30:15 GMT+0530 (India Standard Time)
[debug] [2022-12-17T08:00:15.595Z] ----------------------------------------------------------------------
[debug] 
[debug] [2022-12-17T08:00:15.607Z] > command requires scopes: ["email","openid","https://www.googleapis.com/auth/cloudplatformprojects.readonly","https://www.googleapis.com/auth/firebase","https://www.googleapis.com/auth/cloud-platform"]
[debug] [2022-12-17T08:00:15.608Z] > authorizing via signed-in user (abhinay07092002@gmail.com)
[info] 
     ######## #### ########  ######## ########     ###     ######  ########
     ##        ##  ##     ## ##       ##     ##  ##   ##  ##       ##
     ######    ##  ########  ######   ########  #########  ######  ######
     ##        ##  ##    ##  ##       ##     ## ##     ##       ## ##
     ##       #### ##     ## ######## ########  ##     ##  ######  ########

You're about to initialize a Firebase project in this directory:

  /home/abhinaykumar/movies

[info] 
=== Project Setup
[info] 
[info] First, let's associate this project directory with a Firebase project.
[info] You can create multiple project aliases by running firebase use --add, 
[info] but for now we'll just set up a default project.
[info] 
[debug] [2022-12-17T08:00:30.767Z] >>> [apiv2][query] GET https://firebase.googleapis.com/v1beta1/availableProjects pageSize=100
[debug] [2022-12-17T08:00:32.646Z] <<< [apiv2][status] GET https://firebase.googleapis.com/v1beta1/availableProjects 200
[debug] [2022-12-17T08:00:32.646Z] <<< [apiv2][body] GET https://firebase.googleapis.com/v1beta1/availableProjects [omitted]
[debug] [2022-12-17T08:00:50.896Z] >>> [apiv2][query] POST https://firebase.googleapis.com/v1beta1/projects/lofty-cabinet-318507:addFirebase [none]
[debug] [2022-12-17T08:00:51.601Z] <<< [apiv2][status] POST https://firebase.googleapis.com/v1beta1/projects/lofty-cabinet-318507:addFirebase 403
[debug] [2022-12-17T08:00:51.603Z] <<< [apiv2][body] POST https://firebase.googleapis.com/v1beta1/projects/lofty-cabinet-318507:addFirebase {"error":{"code":403,"message":"The caller does not have permission","status":"PERMISSION_DENIED"}}
[debug] [2022-12-17T08:00:51.605Z] HTTP Error: 403, The caller does not have permission
[debug] [2022-12-17T08:00:51.836Z] FirebaseError: HTTP Error: 403, The caller does not have permission
    at responseToError (/usr/local/lib/node_modules/firebase-tools/lib/responseToError.js:49:12)
    at RetryOperation._fn (/usr/local/lib/node_modules/firebase-tools/lib/apiv2.js:288:77)
    at processTicksAndRejections (node:internal/process/task_queues:96:5)
[error] 
[error] Error: Failed to add Firebase to Google Cloud Platform project. See firebase-debug.log for more info.
[debug] [2022-12-17T08:00:58.903Z] ----------------------------------------------------------------------
[debug] [2022-12-17T08:00:58.908Z] Command:       /usr/bin/node /usr/local/bin/firebase init
[debug] [2022-12-17T08:00:58.909Z] CLI Version:   11.18.0
[debug] [2022-12-17T08:00:58.909Z] Platform:      linux
[debug] [2022-12-17T08:00:58.909Z] Node Version:  v16.14.0
[debug] [2022-12-17T08:00:58.910Z] Time:          Sat Dec 17 2022 13:30:58 GMT+0530 (India Standard Time)
[debug] [2022-12-17T08:00:58.910Z] ----------------------------------------------------------------------
[debug] 
[debug] [2022-12-17T08:00:58.924Z] > command requires scopes: ["email","openid","https://www.googleapis.com/auth/cloudplatformprojects.readonly","https://www.googleapis.com/auth/firebase","https://www.googleapis.com/auth/cloud-platform"]
[debug] [2022-12-17T08:00:58.925Z] > authorizing via signed-in user (abhinay07092002@gmail.com)
[info] 
     ######## #### ########  ######## ########     ###     ######  ########
     ##        ##  ##     ## ##       ##     ##  ##   ##  ##       ##
     ######    ##  ########  ######   ########  #########  ######  ######
     ##        ##  ##    ##  ##       ##     ## ##     ##       ## ##
     ##       #### ##     ## ######## ########  ##     ##  ######  ########

You're about to initialize a Firebase project in this directory:

  /home/abhinaykumar/movies

[info] 
=== Project Setup
[info] 
[info] First, let's associate this project directory with a Firebase project.
[info] You can create multiple project aliases by running firebase use --add, 
[info] but for now we'll just set up a default project.
[info] 
[debug] [2022-12-17T08:01:04.600Z] >>> [apiv2][query] GET https://firebase.googleapis.com/v1beta1/availableProjects pageSize=100
[debug] [2022-12-17T08:01:08.126Z] <<< [apiv2][status] GET https://firebase.googleapis.com/v1beta1/availableProjects 200
[debug] [2022-12-17T08:01:08.126Z] <<< [apiv2][body] GET https://firebase.googleapis.com/v1beta1/availableProjects [omitted]
[debug] [2022-12-17T08:01:10.132Z] >>> [apiv2][query] POST https://firebase.googleapis.com/v1beta1/projects/maiabhinaymeranaamabhi7:addFirebase [none]
[debug] [2022-12-17T08:01:11.563Z] <<< [apiv2][status] POST https://firebase.googleapis.com/v1beta1/projects/maiabhinaymeranaamabhi7:addFirebase 403
[debug] [2022-12-17T08:01:11.565Z] <<< [apiv2][body] POST https://firebase.googleapis.com/v1beta1/projects/maiabhinaymeranaamabhi7:addFirebase {"error":{"code":403,"message":"The caller does not have permission","status":"PERMISSION_DENIED"}}
[debug] [2022-12-17T08:01:11.568Z] HTTP Error: 403, The caller does not have permission
[debug] [2022-12-17T08:01:11.770Z] FirebaseError: HTTP Error: 403, The caller does not have permission
    at responseToError (/usr/local/lib/node_modules/firebase-tools/lib/responseToError.js:49:12)
    at RetryOperation._fn (/usr/local/lib/node_modules/firebase-tools/lib/apiv2.js:288:77)
    at processTicksAndRejections (node:internal/process/task_queues:96:5)
[error] 
[error] Error: Failed to add Firebase to Google Cloud Platform project. See firebase-debug.log for more info.
